<?xml version="1.0" encoding="UTF-8"?>
<testsuite xmlns:xsi="http://www.w3.org/2001/XMLSchema-instance" xsi:noNamespaceSchemaLocation="https://maven.apache.org/surefire/maven-surefire-plugin/xsd/surefire-test-report-3.0.xsd" version="3.0" name="acmecollege.TestACMECollegeSystem" time="1.908" tests="1" errors="0" skipped="0" failures="0">
  <properties>
[...]
</properties>
  <testcase name="test01_all_students_with_adminrole" classname="acmecollege.TestACMECollegeSystem" time="1.201">
    <system-out><![CDATA[&amp#27;[36m   acmecollege.TestACMECollegeSystem | oneTimeSetUp&amp#27;[m]]></system-out>
  </testcase>
</testsuite>